<?xml version="1.0" encoding="UTF-8"?>
<testsuite name="com.vodrive.examveda.ParallelTestA" tests="2" skipped="0" failures="2" errors="0" timestamp="2020-05-30T14:41:27" hostname="Vogo-1161s-MacBook-Pro.local" time="9.581">
  <properties/>
  <testcase name="testPageTitleA1" classname="com.vodrive.examveda.ParallelTestA" time="5.201">
    <failure message="java.lang.AssertionError: Youtube : Page title doesn't match : YouTube expected [true] but found [false]" type="java.lang.AssertionError">java.lang.AssertionError: Youtube : Page title doesn't match : YouTube expected [true] but found [false]
	at org.testng.Assert.fail(Assert.java:96)
	at org.testng.Assert.failNotEquals(Assert.java:776)
	at org.testng.Assert.assertTrue(Assert.java:44)
	at com.vodrive.examveda.ParallelTestA.testPageTitleA1(ParallelTestA.java:37)
	at sun.reflect.NativeMethodAccessorImpl.invoke0(Native Method)
	at sun.reflect.NativeMethodAccessorImpl.invoke(NativeMethodAccessorImpl.java:62)
	at sun.reflect.DelegatingMethodAccessorImpl.invoke(DelegatingMethodAccessorImpl.java:43)
	at java.lang.reflect.Method.invoke(Method.java:498)
	at org.testng.internal.MethodInvocationHelper.invokeMethod(MethodInvocationHelper.java:124)
	at org.testng.internal.Invoker.invokeMethod(Invoker.java:583)
	at org.testng.internal.Invoker.invokeTestMethod(Invoker.java:719)
	at org.testng.internal.Invoker.invokeTestMethods(Invoker.java:989)
	at org.testng.internal.TestMethodWorker.invokeTestMethods(TestMethodWorker.java:125)
	at org.testng.internal.TestMethodWorker.run(TestMethodWorker.java:109)
	at java.util.concurrent.ThreadPoolExecutor.runWorker(ThreadPoolExecutor.java:1149)
	at java.util.concurrent.ThreadPoolExecutor$Worker.run(ThreadPoolExecutor.java:624)
	at java.lang.Thread.run(Thread.java:748)
</failure>
  </testcase>
  <testcase name="testPageTitleA2" classname="com.vodrive.examveda.ParallelTestA" time="2.774">
    <failure message="java.lang.AssertionError: SnapDeal : Page title doesn't match : Online Shopping Site India - Shop Electronics, Mobiles, Men &amp; Women Clothing, Shoes - www. Snapdeal.com expected [true] but found [false]" type="java.lang.AssertionError">java.lang.AssertionError: SnapDeal : Page title doesn't match : Online Shopping Site India - Shop Electronics, Mobiles, Men &amp; Women Clothing, Shoes - www. Snapdeal.com expected [true] but found [false]
	at org.testng.Assert.fail(Assert.java:96)
	at org.testng.Assert.failNotEquals(Assert.java:776)
	at org.testng.Assert.assertTrue(Assert.java:44)
	at com.vodrive.examveda.ParallelTestA.testPageTitleA2(ParallelTestA.java:53)
	at sun.reflect.NativeMethodAccessorImpl.invoke0(Native Method)
	at sun.reflect.NativeMethodAccessorImpl.invoke(NativeMethodAccessorImpl.java:62)
	at sun.reflect.DelegatingMethodAccessorImpl.invoke(DelegatingMethodAccessorImpl.java:43)
	at java.lang.reflect.Method.invoke(Method.java:498)
	at org.testng.internal.MethodInvocationHelper.invokeMethod(MethodInvocationHelper.java:124)
	at org.testng.internal.Invoker.invokeMethod(Invoker.java:583)
	at org.testng.internal.Invoker.invokeTestMethod(Invoker.java:719)
	at org.testng.internal.Invoker.invokeTestMethods(Invoker.java:989)
	at org.testng.internal.TestMethodWorker.invokeTestMethods(TestMethodWorker.java:125)
	at org.testng.internal.TestMethodWorker.run(TestMethodWorker.java:109)
	at java.util.concurrent.ThreadPoolExecutor.runWorker(ThreadPoolExecutor.java:1149)
	at java.util.concurrent.ThreadPoolExecutor$Worker.run(ThreadPoolExecutor.java:624)
	at java.lang.Thread.run(Thread.java:748)
</failure>
  </testcase>
  <system-out><![CDATA[Browser Typedefaultdoesn't support. Launching chrome as the default browser
Opening Chrome Browser
Amazon : Amazon.com: Online Shopping for Electronics, Apparel, Computers, Books, DVDs & more
***** Error testPageTitleB2 test has failed *****
Control in takeScreenshotAtEndOfTest
Control in try
SnapDeal : Online Shopping Site India - Shop Electronics, Mobiles, Men & Women Clothing, Shoes - www. Snapdeal.com
***** Error testPageTitleA2 test has failed *****
Control in takeScreenshotAtEndOfTest
Control in try
Control after scrfile
Control after FileCopy
]]></system-out>
  <system-err><![CDATA[May 30, 2020 8:11:25 PM org.openqa.selenium.remote.DesiredCapabilities chrome
INFO: Using `new ChromeOptions()` is preferred to `DesiredCapabilities.chrome()`
May 30, 2020 8:11:25 PM org.openqa.selenium.remote.DesiredCapabilities chrome
INFO: Using `new ChromeOptions()` is preferred to `DesiredCapabilities.chrome()`
May 30, 2020 8:11:27 PM org.openqa.selenium.remote.ProtocolHandshake createSession
INFO: Detected dialect: OSS
May 30, 2020 8:11:27 PM org.openqa.selenium.remote.ProtocolHandshake createSession
INFO: Detected dialect: OSS
]]></system-err>
</testsuite>
