<?xml version="1.0" encoding="UTF-8"?>
<testng-results skipped="0" failed="4" ignored="0" total="4" passed="0">
  <reporter-output>
  </reporter-output>
  <suite name="TestingSuite" duration-ms="17299" started-at="2020-05-30T14:41:25Z" finished-at="2020-05-30T14:41:43Z">
    <groups>
    </groups>
    <test name="FirefoxTest" duration-ms="13385" started-at="2020-05-30T14:41:25Z" finished-at="2020-05-30T14:41:39Z">
      <class name="com.vodrive.examveda.ParallelTestA">
        <test-method status="PASS" signature="setUp(java.lang.String, org.testng.ITestContext)[pri:0, instance:com.vodrive.examveda.ParallelTestA@753466d2]" name="setUp" is-config="true" duration-ms="1695" started-at="2020-05-30T14:41:25Z" finished-at="2020-05-30T14:41:27Z">
          <params>
            <param index="0">
              <value>
                <![CDATA[default]]>
              </value>
            </param>
            <param index="1">
              <value>
                <![CDATA[org.testng.TestRunner@16d19edf]]>
              </value>
            </param>
          </params>
          <reporter-output>
          </reporter-output>
        </test-method> <!-- setUp -->
        <test-method status="FAIL" signature="testPageTitleA1()[pri:1, instance:com.vodrive.examveda.ParallelTestA@753466d2]" name="testPageTitleA1" duration-ms="5201" started-at="2020-05-30T14:41:27Z" finished-at="2020-05-30T14:41:32Z">
          <exception class="java.lang.AssertionError">
            <message>
              <![CDATA[Youtube : Page title doesn't match : YouTube expected [true] but found [false]]]>
            </message>
            <full-stacktrace>
              <![CDATA[java.lang.AssertionError: Youtube : Page title doesn't match : YouTube expected [true] but found [false]
at org.testng.Assert.fail(Assert.java:96)
at org.testng.Assert.failNotEquals(Assert.java:776)
at org.testng.Assert.assertTrue(Assert.java:44)
at com.vodrive.examveda.ParallelTestA.testPageTitleA1(ParallelTestA.java:37)
at sun.reflect.NativeMethodAccessorImpl.invoke0(Native Method)
at sun.reflect.NativeMethodAccessorImpl.invoke(NativeMethodAccessorImpl.java:62)
at sun.reflect.DelegatingMethodAccessorImpl.invoke(DelegatingMethodAccessorImpl.java:43)
at java.lang.reflect.Method.invoke(Method.java:498)
at org.testng.internal.MethodInvocationHelper.invokeMethod(MethodInvocationHelper.java:124)
at org.testng.internal.Invoker.invokeMethod(Invoker.java:583)
at org.testng.internal.Invoker.invokeTestMethod(Invoker.java:719)
at org.testng.internal.Invoker.invokeTestMethods(Invoker.java:989)
at org.testng.internal.TestMethodWorker.invokeTestMethods(TestMethodWorker.java:125)
at org.testng.internal.TestMethodWorker.run(TestMethodWorker.java:109)
at java.util.concurrent.ThreadPoolExecutor.runWorker(ThreadPoolExecutor.java:1149)
at java.util.concurrent.ThreadPoolExecutor$Worker.run(ThreadPoolExecutor.java:624)
at java.lang.Thread.run(Thread.java:748)
]]>
            </full-stacktrace>
          </exception> <!-- java.lang.AssertionError -->
          <reporter-output>
          </reporter-output>
        </test-method> <!-- testPageTitleA1 -->
        <test-method status="FAIL" signature="testPageTitleA2()[pri:2, instance:com.vodrive.examveda.ParallelTestA@753466d2]" name="testPageTitleA2" duration-ms="2774" started-at="2020-05-30T14:41:34Z" finished-at="2020-05-30T14:41:36Z">
          <exception class="java.lang.AssertionError">
            <message>
              <![CDATA[SnapDeal : Page title doesn't match : Online Shopping Site India - Shop Electronics, Mobiles, Men & Women Clothing, Shoes - www. Snapdeal.com expected [true] but found [false]]]>
            </message>
            <full-stacktrace>
              <![CDATA[java.lang.AssertionError: SnapDeal : Page title doesn't match : Online Shopping Site India - Shop Electronics, Mobiles, Men & Women Clothing, Shoes - www. Snapdeal.com expected [true] but found [false]
at org.testng.Assert.fail(Assert.java:96)
at org.testng.Assert.failNotEquals(Assert.java:776)
at org.testng.Assert.assertTrue(Assert.java:44)
at com.vodrive.examveda.ParallelTestA.testPageTitleA2(ParallelTestA.java:53)
at sun.reflect.NativeMethodAccessorImpl.invoke0(Native Method)
at sun.reflect.NativeMethodAccessorImpl.invoke(NativeMethodAccessorImpl.java:62)
at sun.reflect.DelegatingMethodAccessorImpl.invoke(DelegatingMethodAccessorImpl.java:43)
at java.lang.reflect.Method.invoke(Method.java:498)
at org.testng.internal.MethodInvocationHelper.invokeMethod(MethodInvocationHelper.java:124)
at org.testng.internal.Invoker.invokeMethod(Invoker.java:583)
at org.testng.internal.Invoker.invokeTestMethod(Invoker.java:719)
at org.testng.internal.Invoker.invokeTestMethods(Invoker.java:989)
at org.testng.internal.TestMethodWorker.invokeTestMethods(TestMethodWorker.java:125)
at org.testng.internal.TestMethodWorker.run(TestMethodWorker.java:109)
at java.util.concurrent.ThreadPoolExecutor.runWorker(ThreadPoolExecutor.java:1149)
at java.util.concurrent.ThreadPoolExecutor$Worker.run(ThreadPoolExecutor.java:624)
at java.lang.Thread.run(Thread.java:748)
]]>
            </full-stacktrace>
          </exception> <!-- java.lang.AssertionError -->
          <reporter-output>
          </reporter-output>
        </test-method> <!-- testPageTitleA2 -->
        <test-method status="PASS" signature="tearDown()[pri:0, instance:com.vodrive.examveda.ParallelTestA@753466d2]" name="tearDown" is-config="true" duration-ms="225" started-at="2020-05-30T14:41:38Z" finished-at="2020-05-30T14:41:39Z">
          <reporter-output>
          </reporter-output>
        </test-method> <!-- tearDown -->
      </class> <!-- com.vodrive.examveda.ParallelTestA -->
    </test> <!-- FirefoxTest -->
    <test name="ChromeTest" duration-ms="17299" started-at="2020-05-30T14:41:25Z" finished-at="2020-05-30T14:41:43Z">
      <class name="com.vodrive.examveda.ParallelTestB">
        <test-method status="PASS" signature="setUp(java.lang.String, org.testng.ITestContext)[pri:0, instance:com.vodrive.examveda.ParallelTestB@7f0cf681]" name="setUp" is-config="true" duration-ms="2008" started-at="2020-05-30T14:41:25Z" finished-at="2020-05-30T14:41:27Z">
          <params>
            <param index="0">
              <value>
                <![CDATA[chrome]]>
              </value>
            </param>
            <param index="1">
              <value>
                <![CDATA[org.testng.TestRunner@4cc88ab6]]>
              </value>
            </param>
          </params>
          <reporter-output>
          </reporter-output>
        </test-method> <!-- setUp -->
        <test-method status="FAIL" signature="testPageTitleB1()[pri:1, instance:com.vodrive.examveda.ParallelTestB@7f0cf681]" name="testPageTitleB1" duration-ms="2886" started-at="2020-05-30T14:41:27Z" finished-at="2020-05-30T14:41:30Z">
          <exception class="java.lang.AssertionError">
            <message>
              <![CDATA[Facebook : Page title doesn't match : Facebook – log in or sign up expected [true] but found [false]]]>
            </message>
            <full-stacktrace>
              <![CDATA[java.lang.AssertionError: Facebook : Page title doesn't match : Facebook – log in or sign up expected [true] but found [false]
at org.testng.Assert.fail(Assert.java:96)
at org.testng.Assert.failNotEquals(Assert.java:776)
at org.testng.Assert.assertTrue(Assert.java:44)
at com.vodrive.examveda.ParallelTestB.testPageTitleB1(ParallelTestB.java:42)
at sun.reflect.NativeMethodAccessorImpl.invoke0(Native Method)
at sun.reflect.NativeMethodAccessorImpl.invoke(NativeMethodAccessorImpl.java:62)
at sun.reflect.DelegatingMethodAccessorImpl.invoke(DelegatingMethodAccessorImpl.java:43)
at java.lang.reflect.Method.invoke(Method.java:498)
at org.testng.internal.MethodInvocationHelper.invokeMethod(MethodInvocationHelper.java:124)
at org.testng.internal.Invoker.invokeMethod(Invoker.java:583)
at org.testng.internal.Invoker.invokeTestMethod(Invoker.java:719)
at org.testng.internal.Invoker.invokeTestMethods(Invoker.java:989)
at org.testng.internal.TestMethodWorker.invokeTestMethods(TestMethodWorker.java:125)
at org.testng.internal.TestMethodWorker.run(TestMethodWorker.java:109)
at java.util.concurrent.ThreadPoolExecutor.runWorker(ThreadPoolExecutor.java:1149)
at java.util.concurrent.ThreadPoolExecutor$Worker.run(ThreadPoolExecutor.java:624)
at java.lang.Thread.run(Thread.java:748)
]]>
            </full-stacktrace>
          </exception> <!-- java.lang.AssertionError -->
          <reporter-output>
          </reporter-output>
        </test-method> <!-- testPageTitleB1 -->
        <test-method status="FAIL" signature="testPageTitleB2()[pri:2, instance:com.vodrive.examveda.ParallelTestB@7f0cf681]" name="testPageTitleB2" duration-ms="2999" started-at="2020-05-30T14:41:33Z" finished-at="2020-05-30T14:41:36Z">
          <exception class="java.lang.AssertionError">
            <message>
              <![CDATA[Amazon : Page title doesn't match : Amazon.com: Online Shopping for Electronics, Apparel, Computers, Books, DVDs & more expected [true] but found [false]]]>
            </message>
            <full-stacktrace>
              <![CDATA[java.lang.AssertionError: Amazon : Page title doesn't match : Amazon.com: Online Shopping for Electronics, Apparel, Computers, Books, DVDs & more expected [true] but found [false]
at org.testng.Assert.fail(Assert.java:96)
at org.testng.Assert.failNotEquals(Assert.java:776)
at org.testng.Assert.assertTrue(Assert.java:44)
at com.vodrive.examveda.ParallelTestB.testPageTitleB2(ParallelTestB.java:61)
at sun.reflect.NativeMethodAccessorImpl.invoke0(Native Method)
at sun.reflect.NativeMethodAccessorImpl.invoke(NativeMethodAccessorImpl.java:62)
at sun.reflect.DelegatingMethodAccessorImpl.invoke(DelegatingMethodAccessorImpl.java:43)
at java.lang.reflect.Method.invoke(Method.java:498)
at org.testng.internal.MethodInvocationHelper.invokeMethod(MethodInvocationHelper.java:124)
at org.testng.internal.Invoker.invokeMethod(Invoker.java:583)
at org.testng.internal.Invoker.invokeTestMethod(Invoker.java:719)
at org.testng.internal.Invoker.invokeTestMethods(Invoker.java:989)
at org.testng.internal.TestMethodWorker.invokeTestMethods(TestMethodWorker.java:125)
at org.testng.internal.TestMethodWorker.run(TestMethodWorker.java:109)
at java.util.concurrent.ThreadPoolExecutor.runWorker(ThreadPoolExecutor.java:1149)
at java.util.concurrent.ThreadPoolExecutor$Worker.run(ThreadPoolExecutor.java:624)
at java.lang.Thread.run(Thread.java:748)
]]>
            </full-stacktrace>
          </exception> <!-- java.lang.AssertionError -->
          <reporter-output>
          </reporter-output>
        </test-method> <!-- testPageTitleB2 -->
        <test-method status="PASS" signature="tearDown()[pri:0, instance:com.vodrive.examveda.ParallelTestB@7f0cf681]" name="tearDown" is-config="true" duration-ms="205" started-at="2020-05-30T14:41:42Z" finished-at="2020-05-30T14:41:43Z">
          <reporter-output>
          </reporter-output>
        </test-method> <!-- tearDown -->
      </class> <!-- com.vodrive.examveda.ParallelTestB -->
    </test> <!-- ChromeTest -->
  </suite> <!-- TestingSuite -->
</testng-results>
