<?xml version="1.0" encoding="UTF-8"?>
<!-- Generated by org.testng.reporters.JUnitReportReporter -->
<testsuite skipped="0" hostname="Vogo-1161s-MacBook-Pro.local" name="com.vodrive.examveda.ParallelTestA" tests="2" failures="2" timestamp="30 May 2020 14:41:54 GMT" time="7.975" errors="0">
  <testcase name="testPageTitleA1" time="5.201" classname="com.vodrive.examveda.ParallelTestA">
    <failure type="java.lang.AssertionError" message="Youtube : Page title doesn&#039;t match : YouTube expected [true] but found [false]">
      <![CDATA[java.lang.AssertionError: Youtube : Page title doesn't match : YouTube expected [true] but found [false]
at org.testng.Assert.fail(Assert.java:96)
at org.testng.Assert.failNotEquals(Assert.java:776)
at org.testng.Assert.assertTrue(Assert.java:44)
at com.vodrive.examveda.ParallelTestA.testPageTitleA1(ParallelTestA.java:37)
at sun.reflect.NativeMethodAccessorImpl.invoke0(Native Method)
at sun.reflect.NativeMethodAccessorImpl.invoke(NativeMethodAccessorImpl.java:62)
at sun.reflect.DelegatingMethodAccessorImpl.invoke(DelegatingMethodAccessorImpl.java:43)
at java.lang.reflect.Method.invoke(Method.java:498)
at org.testng.internal.MethodInvocationHelper.invokeMethod(MethodInvocationHelper.java:124)
at org.testng.internal.Invoker.invokeMethod(Invoker.java:583)
at org.testng.internal.Invoker.invokeTestMethod(Invoker.java:719)
at org.testng.internal.Invoker.invokeTestMethods(Invoker.java:989)
at org.testng.internal.TestMethodWorker.invokeTestMethods(TestMethodWorker.java:125)
at org.testng.internal.TestMethodWorker.run(TestMethodWorker.java:109)
at java.util.concurrent.ThreadPoolExecutor.runWorker(ThreadPoolExecutor.java:1149)
at java.util.concurrent.ThreadPoolExecutor$Worker.run(ThreadPoolExecutor.java:624)
at java.lang.Thread.run(Thread.java:748)
]]>
    </failure>
  </testcase> <!-- testPageTitleA1 -->
  <testcase name="testPageTitleA2" time="2.774" classname="com.vodrive.examveda.ParallelTestA">
    <failure type="java.lang.AssertionError" message="SnapDeal : Page title doesn&#039;t match : Online Shopping Site India - Shop Electronics, Mobiles, Men &amp; Women Clothing, Shoes - www. Snapdeal.com expected [true] but found [false]">
      <![CDATA[java.lang.AssertionError: SnapDeal : Page title doesn't match : Online Shopping Site India - Shop Electronics, Mobiles, Men & Women Clothing, Shoes - www. Snapdeal.com expected [true] but found [false]
at org.testng.Assert.fail(Assert.java:96)
at org.testng.Assert.failNotEquals(Assert.java:776)
at org.testng.Assert.assertTrue(Assert.java:44)
at com.vodrive.examveda.ParallelTestA.testPageTitleA2(ParallelTestA.java:53)
at sun.reflect.NativeMethodAccessorImpl.invoke0(Native Method)
at sun.reflect.NativeMethodAccessorImpl.invoke(NativeMethodAccessorImpl.java:62)
at sun.reflect.DelegatingMethodAccessorImpl.invoke(DelegatingMethodAccessorImpl.java:43)
at java.lang.reflect.Method.invoke(Method.java:498)
at org.testng.internal.MethodInvocationHelper.invokeMethod(MethodInvocationHelper.java:124)
at org.testng.internal.Invoker.invokeMethod(Invoker.java:583)
at org.testng.internal.Invoker.invokeTestMethod(Invoker.java:719)
at org.testng.internal.Invoker.invokeTestMethods(Invoker.java:989)
at org.testng.internal.TestMethodWorker.invokeTestMethods(TestMethodWorker.java:125)
at org.testng.internal.TestMethodWorker.run(TestMethodWorker.java:109)
at java.util.concurrent.ThreadPoolExecutor.runWorker(ThreadPoolExecutor.java:1149)
at java.util.concurrent.ThreadPoolExecutor$Worker.run(ThreadPoolExecutor.java:624)
at java.lang.Thread.run(Thread.java:748)
]]>
    </failure>
  </testcase> <!-- testPageTitleA2 -->
</testsuite> <!-- com.vodrive.examveda.ParallelTestA -->
