<?xml version="1.0" encoding="UTF-8"?>
<!-- Generated by org.testng.reporters.JUnitReportReporter -->
<testsuite skipped="0" hostname="Vogo-1161s-MacBook-Pro.local" name="com.vodrive.examveda.ParallelTestB" tests="2" failures="2" timestamp="30 May 2020 14:41:49 GMT" time="5.885" errors="0">
  <testcase name="testPageTitleB1" time="2.886" classname="com.vodrive.examveda.ParallelTestB">
    <failure type="java.lang.AssertionError" message="Facebook : Page title doesn&#039;t match : Facebook – log in or sign up expected [true] but found [false]">
      <![CDATA[java.lang.AssertionError: Facebook : Page title doesn't match : Facebook – log in or sign up expected [true] but found [false]
at org.testng.Assert.fail(Assert.java:96)
at org.testng.Assert.failNotEquals(Assert.java:776)
at org.testng.Assert.assertTrue(Assert.java:44)
at com.vodrive.examveda.ParallelTestB.testPageTitleB1(ParallelTestB.java:42)
at sun.reflect.NativeMethodAccessorImpl.invoke0(Native Method)
at sun.reflect.NativeMethodAccessorImpl.invoke(NativeMethodAccessorImpl.java:62)
at sun.reflect.DelegatingMethodAccessorImpl.invoke(DelegatingMethodAccessorImpl.java:43)
at java.lang.reflect.Method.invoke(Method.java:498)
at org.testng.internal.MethodInvocationHelper.invokeMethod(MethodInvocationHelper.java:124)
at org.testng.internal.Invoker.invokeMethod(Invoker.java:583)
at org.testng.internal.Invoker.invokeTestMethod(Invoker.java:719)
at org.testng.internal.Invoker.invokeTestMethods(Invoker.java:989)
at org.testng.internal.TestMethodWorker.invokeTestMethods(TestMethodWorker.java:125)
at org.testng.internal.TestMethodWorker.run(TestMethodWorker.java:109)
at java.util.concurrent.ThreadPoolExecutor.runWorker(ThreadPoolExecutor.java:1149)
at java.util.concurrent.ThreadPoolExecutor$Worker.run(ThreadPoolExecutor.java:624)
at java.lang.Thread.run(Thread.java:748)
]]>
    </failure>
  </testcase> <!-- testPageTitleB1 -->
  <testcase name="testPageTitleB2" time="2.999" classname="com.vodrive.examveda.ParallelTestB">
    <failure type="java.lang.AssertionError" message="Amazon : Page title doesn&#039;t match : Amazon.com: Online Shopping for Electronics, Apparel, Computers, Books, DVDs &amp; more expected [true] but found [false]">
      <![CDATA[java.lang.AssertionError: Amazon : Page title doesn't match : Amazon.com: Online Shopping for Electronics, Apparel, Computers, Books, DVDs & more expected [true] but found [false]
at org.testng.Assert.fail(Assert.java:96)
at org.testng.Assert.failNotEquals(Assert.java:776)
at org.testng.Assert.assertTrue(Assert.java:44)
at com.vodrive.examveda.ParallelTestB.testPageTitleB2(ParallelTestB.java:61)
at sun.reflect.NativeMethodAccessorImpl.invoke0(Native Method)
at sun.reflect.NativeMethodAccessorImpl.invoke(NativeMethodAccessorImpl.java:62)
at sun.reflect.DelegatingMethodAccessorImpl.invoke(DelegatingMethodAccessorImpl.java:43)
at java.lang.reflect.Method.invoke(Method.java:498)
at org.testng.internal.MethodInvocationHelper.invokeMethod(MethodInvocationHelper.java:124)
at org.testng.internal.Invoker.invokeMethod(Invoker.java:583)
at org.testng.internal.Invoker.invokeTestMethod(Invoker.java:719)
at org.testng.internal.Invoker.invokeTestMethods(Invoker.java:989)
at org.testng.internal.TestMethodWorker.invokeTestMethods(TestMethodWorker.java:125)
at org.testng.internal.TestMethodWorker.run(TestMethodWorker.java:109)
at java.util.concurrent.ThreadPoolExecutor.runWorker(ThreadPoolExecutor.java:1149)
at java.util.concurrent.ThreadPoolExecutor$Worker.run(ThreadPoolExecutor.java:624)
at java.lang.Thread.run(Thread.java:748)
]]>
    </failure>
  </testcase> <!-- testPageTitleB2 -->
</testsuite> <!-- com.vodrive.examveda.ParallelTestB -->
